<?xml version="1.0" encoding="UTF-8"?>
<!-- Generated by org.testng.reporters.JUnitReportReporter -->
<testsuite skipped="0" hostname="user" name="testcases.CreationOfContentCourseByVideoAudioEmbed" tests="1" failures="0" timestamp="23 Aug 2017 06:13:11 GMT" time="111.519" errors="0">
  <testcase name="createcontent" time="111.519" classname="testcases.CreationOfContentCourseByVideoAudioEmbed"/>
</testsuite> <!-- testcases.CreationOfContentCourseByVideoAudioEmbed -->
