<?xml version="1.0" encoding="UTF-8"?>
<!-- Generated by org.testng.reporters.JUnitReportReporter -->
<testsuite skipped="0" hostname="user" name="testcases.CreationOfContentCourseByTinCan" tests="1" failures="0" timestamp="23 Aug 2017 06:13:11 GMT" time="146.631" errors="0">
  <testcase name="createcontent" time="146.631" classname="testcases.CreationOfContentCourseByTinCan"/>
</testsuite> <!-- testcases.CreationOfContentCourseByTinCan -->
