<?xml version="1.0" encoding="UTF-8"?>
<!-- Generated by org.testng.reporters.JUnitReportReporter -->
<testsuite skipped="0" hostname="user" name="testcases.CreationOfContentCourseByDocument" tests="1" failures="0" timestamp="23 Aug 2017 06:13:11 GMT" time="112.076" errors="0">
  <testcase name="testcases" time="112.076" classname="testcases.CreationOfContentCourseByDocument"/>
</testsuite> <!-- testcases.CreationOfContentCourseByDocument -->
