<?xml version="1.0" encoding="UTF-8"?>
<!-- Generated by org.testng.reporters.JUnitReportReporter -->
<testsuite skipped="0" hostname="user" name="testcases.CreationOfLiveEventFromCatalog" tests="1" failures="0" timestamp="05 May 2017 08:41:59 GMT" time="130.646" errors="0">
  <testcase name="createcontent" time="130.646" classname="testcases.CreationOfLiveEventFromCatalog"/>
</testsuite> <!-- testcases.CreationOfLiveEventFromCatalog -->
