<?xml version="1.0" encoding="UTF-8"?>
<!-- Generated by org.testng.reporters.JUnitReportReporter -->
<testsuite skipped="0" hostname="user" name="testcases.CatalogSorting" tests="1" failures="0" timestamp="05 May 2017 08:41:59 GMT" time="120.020" errors="0">
  <testcase name="createcontent" time="120.020" classname="testcases.CatalogSorting"/>
</testsuite> <!-- testcases.CatalogSorting -->
