<?xml version="1.0" encoding="UTF-8"?>
<!-- Generated by org.testng.reporters.JUnitReportReporter -->
<testsuite skipped="0" hostname="user" name="testcases.HomeScreenFrame" tests="1" failures="0" timestamp="05 May 2017 08:41:59 GMT" time="98.582" errors="0">
  <testcase name="createcontent" time="98.582" classname="testcases.HomeScreenFrame"/>
</testsuite> <!-- testcases.HomeScreenFrame -->
