<?xml version="1.0" encoding="UTF-8"?>
<!-- Generated by org.testng.reporters.JUnitReportReporter -->
<testsuite skipped="0" hostname="user" name="testcases.CreationOfCertificationFromCatalog" tests="1" failures="0" timestamp="05 May 2017 08:41:59 GMT" time="206.826" errors="0">
  <testcase name="createcontent" time="206.826" classname="testcases.CreationOfCertificationFromCatalog"/>
</testsuite> <!-- testcases.CreationOfCertificationFromCatalog -->
