<?xml version="1.0" encoding="UTF-8"?>
<!-- Generated by org.testng.reporters.JUnitReportReporter -->
<testsuite skipped="0" hostname="user" name="testcases.CatalogSortingF" tests="1" failures="0" timestamp="04 May 2017 06:42:34 GMT" time="89.191" errors="0">
  <testcase name="createcontent" time="89.191" classname="testcases.CatalogSortingF"/>
</testsuite> <!-- testcases.CatalogSortingF -->
