<?xml version="1.0" encoding="UTF-8"?>
<!-- Generated by org.testng.reporters.JUnitReportReporter -->
<testsuite skipped="0" hostname="naveen-Lenovo-B490" name="testcases.inapp.SimpleTest" tests="4" failures="0" timestamp="06 Sep 2017 10:23:59 GMT" time="0.015" errors="0">
  <testcase name="testMethodOne" time="0.010" classname="testcases.inapp.SimpleTest"/>
  <testcase name="testMethodOne" time="0.002" classname="testcases.inapp.SimpleTest"/>
  <testcase name="testMethodTwo" time="0.001" classname="testcases.inapp.SimpleTest"/>
  <testcase name="testMethodTwo" time="0.002" classname="testcases.inapp.SimpleTest"/>
</testsuite> <!-- testcases.inapp.SimpleTest -->
