<?xml version="1.0" encoding="UTF-8"?>
<!-- Generated by org.testng.reporters.JUnitReportReporter -->
<testsuite skipped="0" hostname="naveen-Lenovo-B490" name="testcases.TC_Android_360_FatalError" tests="1" failures="0" timestamp="17 Jul 2017 12:10:48 GMT" time="1.566" errors="0">
  <testcase name="testAndroid360FatalError" time="1.566" classname="testcases.TC_Android_360_FatalError"/>
</testsuite> <!-- testcases.TC_Android_360_FatalError -->
