<?xml version="1.0" encoding="UTF-8"?>
<!-- Generated by org.testng.reporters.JUnitReportReporter -->
<testsuite skipped="0" hostname="naveen-Lenovo-B490" name="testcases.inapp.TC_Android_360_FatalError" tests="1" failures="0" timestamp="16 Aug 2017 08:55:35 GMT" time="1.891" errors="0">
  <testcase name="testAndroid360FatalError" time="1.891" classname="testcases.inapp.TC_Android_360_FatalError"/>
</testsuite> <!-- testcases.inapp.TC_Android_360_FatalError -->
