<?xml version="1.0" encoding="UTF-8"?>
<!-- Generated by org.testng.reporters.JUnitReportReporter -->
<testsuite skipped="0" hostname="naveen-Lenovo-B490" name="testcases.inapp.TC_Inapp" tests="2" failures="0" timestamp="05 Sep 2017 09:46:28 GMT" time="1.459" errors="0">
  <testcase name="testInappSuccess" time="1.457" classname="testcases.inapp.TC_Inapp"/>
  <testcase name="testImpressionEvent" time="0.002" classname="testcases.inapp.TC_Inapp"/>
</testsuite> <!-- testcases.inapp.TC_Inapp -->
